The system is: Linux - 5.10.16.3-microsoft-standard-WSL2 - x86_64
Compiling the C compiler identification source file "CMakeCCompilerId.c" succeeded.
Compiler: /home/malcolm/.guix-profile/bin/gcc 
Build flags: 
Id flags:  

The output was:
0


Compilation of the C compiler identification source "CMakeCCompilerId.c" produced "a.out"

The C compiler identification is GNU, found in "/home/malcolm/.emacs.d/elpa/vterm-20211226.817/build/CMakeFiles/3.19.2/CompilerIdC/a.out"

Detecting C compiler ABI info compiled with the following output:
Change Dir: /home/malcolm/.emacs.d/elpa/vterm-20211226.817/build/CMakeFiles/CMakeTmp

Run Build Command(s):/home/malcolm/.guix-profile/bin/make cmTC_9ccae/fast && /home/malcolm/.guix-profile/bin/make  -f CMakeFiles/cmTC_9ccae.dir/build.make CMakeFiles/cmTC_9ccae.dir/build
make[1]: Entering directory '/home/malcolm/.emacs.d/elpa/vterm-20211226.817/build/CMakeFiles/CMakeTmp'
Building C object CMakeFiles/cmTC_9ccae.dir/CMakeCCompilerABI.c.o
/home/malcolm/.guix-profile/bin/gcc   -v -o CMakeFiles/cmTC_9ccae.dir/CMakeCCompilerABI.c.o -c /gnu/store/4axd987cf0bpkshybl1w7g5hp9yqm660-cmake-3.19.2/share/cmake-3.19/Modules/CMakeCCompilerABI.c
Using built-in specs.
COLLECT_GCC=/home/malcolm/.guix-profile/bin/gcc
Target: x86_64-unknown-linux-gnu
Configured with: 
Thread model: posix
Supported LTO compression algorithms: zlib
gcc version 11.2.0 (GCC) 
COLLECT_GCC_OPTIONS='-v' '-o' 'CMakeFiles/cmTC_9ccae.dir/CMakeCCompilerABI.c.o' '-c' '-mtune=generic' '-march=x86-64' '-dumpdir' 'CMakeFiles/cmTC_9ccae.dir/'
 /gnu/store/rhwx78cp1s8nbi93b6p5xpdfd7rpq969-gcc-11.2.0/libexec/gcc/x86_64-unknown-linux-gnu/11.2.0/cc1 -quiet -v /gnu/store/4axd987cf0bpkshybl1w7g5hp9yqm660-cmake-3.19.2/share/cmake-3.19/Modules/CMakeCCompilerABI.c -quiet -dumpdir CMakeFiles/cmTC_9ccae.dir/ -dumpbase CMakeCCompilerABI.c.c -dumpbase-ext .c -mtune=generic -march=x86-64 -version -o /tmp/ccXPcyPA.s
GNU C17 (GCC) version 11.2.0 (x86_64-unknown-linux-gnu)
	compiled by GNU C version 11.2.0, GMP version 6.2.1, MPFR version 4.1.0, MPC version 1.2.1, isl version isl-0.23-GMP

GGC heuristics: --param ggc-min-expand=100 --param ggc-min-heapsize=131072
ignoring duplicate directory "/home/malcolm/.guix-profile/include"
ignoring duplicate directory "/home/malcolm/.guix-profile/include"
ignoring duplicate directory "/home/malcolm/.guix-profile/include"
ignoring duplicate directory "/home/malcolm/.guix-profile/include"
ignoring duplicate directory "/home/malcolm/.guix-profile/include"
ignoring nonexistent directory "/no-gcc-local-prefix/include"
ignoring nonexistent directory "/gnu/store/sz3yhray6kzgp7d0k4pvxmpnzdpd69rk-gcc-11.2.0-lib/lib/gcc/x86_64-unknown-linux-gnu/11.2.0/../../../../../../../x86_64-unknown-linux-gnu/include"
#include "..." search starts here:
#include <...> search starts here:
 /home/malcolm/.guix-profile/include
 /gnu/store/sz3yhray6kzgp7d0k4pvxmpnzdpd69rk-gcc-11.2.0-lib/lib/gcc/x86_64-unknown-linux-gnu/11.2.0/include
 /gnu/store/sz3yhray6kzgp7d0k4pvxmpnzdpd69rk-gcc-11.2.0-lib/lib/gcc/x86_64-unknown-linux-gnu/11.2.0/include-fixed
 /gnu/store/5h2w4qi9hk1qzzgi1w83220ydslinr4s-glibc-2.33/include
End of search list.
GNU C17 (GCC) version 11.2.0 (x86_64-unknown-linux-gnu)
	compiled by GNU C version 11.2.0, GMP version 6.2.1, MPFR version 4.1.0, MPC version 1.2.1, isl version isl-0.23-GMP

GGC heuristics: --param ggc-min-expand=100 --param ggc-min-heapsize=131072
Compiler executable checksum: 9e57dfda43f43f4a80b6f030bf2ec805
COLLECT_GCC_OPTIONS='-v' '-o' 'CMakeFiles/cmTC_9ccae.dir/CMakeCCompilerABI.c.o' '-c' '-mtune=generic' '-march=x86-64' '-dumpdir' 'CMakeFiles/cmTC_9ccae.dir/'
 as -v --64 -o CMakeFiles/cmTC_9ccae.dir/CMakeCCompilerABI.c.o /tmp/ccXPcyPA.s
GNU assembler version 2.37 (x86_64-unknown-linux-gnu) using BFD version (GNU Binutils) 2.37
COMPILER_PATH=/gnu/store/rhwx78cp1s8nbi93b6p5xpdfd7rpq969-gcc-11.2.0/libexec/gcc/x86_64-unknown-linux-gnu/11.2.0/:/gnu/store/rhwx78cp1s8nbi93b6p5xpdfd7rpq969-gcc-11.2.0/libexec/gcc/x86_64-unknown-linux-gnu/11.2.0/:/gnu/store/rhwx78cp1s8nbi93b6p5xpdfd7rpq969-gcc-11.2.0/libexec/gcc/x86_64-unknown-linux-gnu/:/gnu/store/sz3yhray6kzgp7d0k4pvxmpnzdpd69rk-gcc-11.2.0-lib/lib/gcc/x86_64-unknown-linux-gnu/11.2.0/:/gnu/store/sz3yhray6kzgp7d0k4pvxmpnzdpd69rk-gcc-11.2.0-lib/lib/gcc/x86_64-unknown-linux-gnu/
LIBRARY_PATH=/home/malcolm/.guix-profile/lib/:/home/malcolm/.guix-profile/lib/:/home/malcolm/.guix-profile/lib/:/home/malcolm/.guix-profile/lib/:/home/malcolm/.guix-profile/lib/:/home/malcolm/.guix-profile/lib/:/gnu/store/sz3yhray6kzgp7d0k4pvxmpnzdpd69rk-gcc-11.2.0-lib/lib/gcc/x86_64-unknown-linux-gnu/11.2.0/:/gnu/store/sz3yhray6kzgp7d0k4pvxmpnzdpd69rk-gcc-11.2.0-lib/lib/gcc/x86_64-unknown-linux-gnu/11.2.0/../../../:/gnu/store/5h2w4qi9hk1qzzgi1w83220ydslinr4s-glibc-2.33/lib
COLLECT_GCC_OPTIONS='-v' '-o' 'CMakeFiles/cmTC_9ccae.dir/CMakeCCompilerABI.c.o' '-c' '-mtune=generic' '-march=x86-64' '-dumpdir' 'CMakeFiles/cmTC_9ccae.dir/CMakeCCompilerABI.c.'
Linking C executable cmTC_9ccae
/gnu/store/4axd987cf0bpkshybl1w7g5hp9yqm660-cmake-3.19.2/bin/cmake -E cmake_link_script CMakeFiles/cmTC_9ccae.dir/link.txt --verbose=1
/home/malcolm/.guix-profile/bin/gcc  -v CMakeFiles/cmTC_9ccae.dir/CMakeCCompilerABI.c.o -o cmTC_9ccae 
Using built-in specs.
COLLECT_GCC=/home/malcolm/.guix-profile/bin/gcc
COLLECT_LTO_WRAPPER=/gnu/store/rhwx78cp1s8nbi93b6p5xpdfd7rpq969-gcc-11.2.0/libexec/gcc/x86_64-unknown-linux-gnu/11.2.0/lto-wrapper
Target: x86_64-unknown-linux-gnu
Configured with: 
Thread model: posix
Supported LTO compression algorithms: zlib
gcc version 11.2.0 (GCC) 
COMPILER_PATH=/gnu/store/rhwx78cp1s8nbi93b6p5xpdfd7rpq969-gcc-11.2.0/libexec/gcc/x86_64-unknown-linux-gnu/11.2.0/:/gnu/store/rhwx78cp1s8nbi93b6p5xpdfd7rpq969-gcc-11.2.0/libexec/gcc/x86_64-unknown-linux-gnu/11.2.0/:/gnu/store/rhwx78cp1s8nbi93b6p5xpdfd7rpq969-gcc-11.2.0/libexec/gcc/x86_64-unknown-linux-gnu/:/gnu/store/sz3yhray6kzgp7d0k4pvxmpnzdpd69rk-gcc-11.2.0-lib/lib/gcc/x86_64-unknown-linux-gnu/11.2.0/:/gnu/store/sz3yhray6kzgp7d0k4pvxmpnzdpd69rk-gcc-11.2.0-lib/lib/gcc/x86_64-unknown-linux-gnu/
LIBRARY_PATH=/home/malcolm/.guix-profile/lib/:/home/malcolm/.guix-profile/lib/:/home/malcolm/.guix-profile/lib/:/home/malcolm/.guix-profile/lib/:/home/malcolm/.guix-profile/lib/:/home/malcolm/.guix-profile/lib/:/gnu/store/sz3yhray6kzgp7d0k4pvxmpnzdpd69rk-gcc-11.2.0-lib/lib/gcc/x86_64-unknown-linux-gnu/11.2.0/:/gnu/store/sz3yhray6kzgp7d0k4pvxmpnzdpd69rk-gcc-11.2.0-lib/lib/gcc/x86_64-unknown-linux-gnu/11.2.0/../../../:/gnu/store/5h2w4qi9hk1qzzgi1w83220ydslinr4s-glibc-2.33/lib
COLLECT_GCC_OPTIONS='-v' '-o' 'cmTC_9ccae' '-mtune=generic' '-march=x86-64' '-dumpdir' 'cmTC_9ccae.'
 /gnu/store/rhwx78cp1s8nbi93b6p5xpdfd7rpq969-gcc-11.2.0/libexec/gcc/x86_64-unknown-linux-gnu/11.2.0/collect2 -plugin /gnu/store/rhwx78cp1s8nbi93b6p5xpdfd7rpq969-gcc-11.2.0/libexec/gcc/x86_64-unknown-linux-gnu/11.2.0/liblto_plugin.so -plugin-opt=/gnu/store/rhwx78cp1s8nbi93b6p5xpdfd7rpq969-gcc-11.2.0/libexec/gcc/x86_64-unknown-linux-gnu/11.2.0/lto-wrapper -plugin-opt=-fresolution=/tmp/ccYVZPyd.res -plugin-opt=-pass-through=-lgcc -plugin-opt=-pass-through=-lgcc_s -plugin-opt=-pass-through=-lgcc_s -plugin-opt=-pass-through=-lc -plugin-opt=-pass-through=-lgcc -plugin-opt=-pass-through=-lgcc_s --eh-frame-hdr -m elf_x86_64 -dynamic-linker /gnu/store/5h2w4qi9hk1qzzgi1w83220ydslinr4s-glibc-2.33/lib/ld-linux-x86-64.so.2 -o cmTC_9ccae /home/malcolm/.guix-profile/lib/crt1.o /home/malcolm/.guix-profile/lib/crti.o /gnu/store/sz3yhray6kzgp7d0k4pvxmpnzdpd69rk-gcc-11.2.0-lib/lib/gcc/x86_64-unknown-linux-gnu/11.2.0/crtbegin.o -L/home/malcolm/.guix-profile/lib -L/home/malcolm/.guix-profile/lib -L/home/malcolm/.guix-profile/lib -L/home/malcolm/.guix-profile/lib -L/home/malcolm/.guix-profile/lib -L/home/malcolm/.guix-profile/lib -L/gnu/store/sz3yhray6kzgp7d0k4pvxmpnzdpd69rk-gcc-11.2.0-lib/lib/gcc/x86_64-unknown-linux-gnu/11.2.0 -L/gnu/store/sz3yhray6kzgp7d0k4pvxmpnzdpd69rk-gcc-11.2.0-lib/lib/gcc/x86_64-unknown-linux-gnu/11.2.0/../../.. -L/gnu/store/5h2w4qi9hk1qzzgi1w83220ydslinr4s-glibc-2.33/lib CMakeFiles/cmTC_9ccae.dir/CMakeCCompilerABI.c.o -lgcc --push-state --as-needed -lgcc_s --pop-state -L/gnu/store/5h2w4qi9hk1qzzgi1w83220ydslinr4s-glibc-2.33/lib -rpath=/gnu/store/5h2w4qi9hk1qzzgi1w83220ydslinr4s-glibc-2.33/lib -rpath=/gnu/store/sz3yhray6kzgp7d0k4pvxmpnzdpd69rk-gcc-11.2.0-lib/lib -lgcc_s -lc -lgcc --push-state --as-needed -lgcc_s --pop-state /gnu/store/sz3yhray6kzgp7d0k4pvxmpnzdpd69rk-gcc-11.2.0-lib/lib/gcc/x86_64-unknown-linux-gnu/11.2.0/crtend.o /home/malcolm/.guix-profile/lib/crtn.o
COLLECT_GCC_OPTIONS='-v' '-o' 'cmTC_9ccae' '-mtune=generic' '-march=x86-64' '-dumpdir' 'cmTC_9ccae.'
make[1]: Leaving directory '/home/malcolm/.emacs.d/elpa/vterm-20211226.817/build/CMakeFiles/CMakeTmp'



Parsed C implicit include dir info from above output: rv=done
  found start of include info
  found start of implicit include info
    add: [/home/malcolm/.guix-profile/include]
    add: [/gnu/store/sz3yhray6kzgp7d0k4pvxmpnzdpd69rk-gcc-11.2.0-lib/lib/gcc/x86_64-unknown-linux-gnu/11.2.0/include]
    add: [/gnu/store/sz3yhray6kzgp7d0k4pvxmpnzdpd69rk-gcc-11.2.0-lib/lib/gcc/x86_64-unknown-linux-gnu/11.2.0/include-fixed]
    add: [/gnu/store/5h2w4qi9hk1qzzgi1w83220ydslinr4s-glibc-2.33/include]
  end of search list found
  collapse include dir [/home/malcolm/.guix-profile/include] ==> [/home/malcolm/.guix-profile/include]
  collapse include dir [/gnu/store/sz3yhray6kzgp7d0k4pvxmpnzdpd69rk-gcc-11.2.0-lib/lib/gcc/x86_64-unknown-linux-gnu/11.2.0/include] ==> [/gnu/store/sz3yhray6kzgp7d0k4pvxmpnzdpd69rk-gcc-11.2.0-lib/lib/gcc/x86_64-unknown-linux-gnu/11.2.0/include]
  collapse include dir [/gnu/store/sz3yhray6kzgp7d0k4pvxmpnzdpd69rk-gcc-11.2.0-lib/lib/gcc/x86_64-unknown-linux-gnu/11.2.0/include-fixed] ==> [/gnu/store/sz3yhray6kzgp7d0k4pvxmpnzdpd69rk-gcc-11.2.0-lib/lib/gcc/x86_64-unknown-linux-gnu/11.2.0/include-fixed]
  collapse include dir [/gnu/store/5h2w4qi9hk1qzzgi1w83220ydslinr4s-glibc-2.33/include] ==> [/gnu/store/5h2w4qi9hk1qzzgi1w83220ydslinr4s-glibc-2.33/include]
  implicit include dirs: [/home/malcolm/.guix-profile/include;/gnu/store/sz3yhray6kzgp7d0k4pvxmpnzdpd69rk-gcc-11.2.0-lib/lib/gcc/x86_64-unknown-linux-gnu/11.2.0/include;/gnu/store/sz3yhray6kzgp7d0k4pvxmpnzdpd69rk-gcc-11.2.0-lib/lib/gcc/x86_64-unknown-linux-gnu/11.2.0/include-fixed;/gnu/store/5h2w4qi9hk1qzzgi1w83220ydslinr4s-glibc-2.33/include]


Parsed C implicit link information from above output:
  link line regex: [^( *|.*[/\])(ld|CMAKE_LINK_STARTFILE-NOTFOUND|([^/\]+-)?ld|collect2)[^/\]*( |$)]
  ignore line: [Change Dir: /home/malcolm/.emacs.d/elpa/vterm-20211226.817/build/CMakeFiles/CMakeTmp]
  ignore line: []
  ignore line: [Run Build Command(s):/home/malcolm/.guix-profile/bin/make cmTC_9ccae/fast && /home/malcolm/.guix-profile/bin/make  -f CMakeFiles/cmTC_9ccae.dir/build.make CMakeFiles/cmTC_9ccae.dir/build]
  ignore line: [make[1]: Entering directory '/home/malcolm/.emacs.d/elpa/vterm-20211226.817/build/CMakeFiles/CMakeTmp']
  ignore line: [Building C object CMakeFiles/cmTC_9ccae.dir/CMakeCCompilerABI.c.o]
  ignore line: [/home/malcolm/.guix-profile/bin/gcc   -v -o CMakeFiles/cmTC_9ccae.dir/CMakeCCompilerABI.c.o -c /gnu/store/4axd987cf0bpkshybl1w7g5hp9yqm660-cmake-3.19.2/share/cmake-3.19/Modules/CMakeCCompilerABI.c]
  ignore line: [Using built-in specs.]
  ignore line: [COLLECT_GCC=/home/malcolm/.guix-profile/bin/gcc]
  ignore line: [Target: x86_64-unknown-linux-gnu]
  ignore line: [Configured with: ]
  ignore line: [Thread model: posix]
  ignore line: [Supported LTO compression algorithms: zlib]
  ignore line: [gcc version 11.2.0 (GCC) ]
  ignore line: [COLLECT_GCC_OPTIONS='-v' '-o' 'CMakeFiles/cmTC_9ccae.dir/CMakeCCompilerABI.c.o' '-c' '-mtune=generic' '-march=x86-64' '-dumpdir' 'CMakeFiles/cmTC_9ccae.dir/']
  ignore line: [ /gnu/store/rhwx78cp1s8nbi93b6p5xpdfd7rpq969-gcc-11.2.0/libexec/gcc/x86_64-unknown-linux-gnu/11.2.0/cc1 -quiet -v /gnu/store/4axd987cf0bpkshybl1w7g5hp9yqm660-cmake-3.19.2/share/cmake-3.19/Modules/CMakeCCompilerABI.c -quiet -dumpdir CMakeFiles/cmTC_9ccae.dir/ -dumpbase CMakeCCompilerABI.c.c -dumpbase-ext .c -mtune=generic -march=x86-64 -version -o /tmp/ccXPcyPA.s]
  ignore line: [GNU C17 (GCC) version 11.2.0 (x86_64-unknown-linux-gnu)]
  ignore line: [	compiled by GNU C version 11.2.0  GMP version 6.2.1  MPFR version 4.1.0  MPC version 1.2.1  isl version isl-0.23-GMP]
  ignore line: []
  ignore line: [GGC heuristics: --param ggc-min-expand=100 --param ggc-min-heapsize=131072]
  ignore line: [ignoring duplicate directory "/home/malcolm/.guix-profile/include"]
  ignore line: [ignoring duplicate directory "/home/malcolm/.guix-profile/include"]
  ignore line: [ignoring duplicate directory "/home/malcolm/.guix-profile/include"]
  ignore line: [ignoring duplicate directory "/home/malcolm/.guix-profile/include"]
  ignore line: [ignoring duplicate directory "/home/malcolm/.guix-profile/include"]
  ignore line: [ignoring nonexistent directory "/no-gcc-local-prefix/include"]
  ignore line: [ignoring nonexistent directory "/gnu/store/sz3yhray6kzgp7d0k4pvxmpnzdpd69rk-gcc-11.2.0-lib/lib/gcc/x86_64-unknown-linux-gnu/11.2.0/../../../../../../../x86_64-unknown-linux-gnu/include"]
  ignore line: [#include "..." search starts here:]
  ignore line: [#include <...> search starts here:]
  ignore line: [ /home/malcolm/.guix-profile/include]
  ignore line: [ /gnu/store/sz3yhray6kzgp7d0k4pvxmpnzdpd69rk-gcc-11.2.0-lib/lib/gcc/x86_64-unknown-linux-gnu/11.2.0/include]
  ignore line: [ /gnu/store/sz3yhray6kzgp7d0k4pvxmpnzdpd69rk-gcc-11.2.0-lib/lib/gcc/x86_64-unknown-linux-gnu/11.2.0/include-fixed]
  ignore line: [ /gnu/store/5h2w4qi9hk1qzzgi1w83220ydslinr4s-glibc-2.33/include]
  ignore line: [End of search list.]
  ignore line: [GNU C17 (GCC) version 11.2.0 (x86_64-unknown-linux-gnu)]
  ignore line: [	compiled by GNU C version 11.2.0  GMP version 6.2.1  MPFR version 4.1.0  MPC version 1.2.1  isl version isl-0.23-GMP]
  ignore line: []
  ignore line: [GGC heuristics: --param ggc-min-expand=100 --param ggc-min-heapsize=131072]
  ignore line: [Compiler executable checksum: 9e57dfda43f43f4a80b6f030bf2ec805]
  ignore line: [COLLECT_GCC_OPTIONS='-v' '-o' 'CMakeFiles/cmTC_9ccae.dir/CMakeCCompilerABI.c.o' '-c' '-mtune=generic' '-march=x86-64' '-dumpdir' 'CMakeFiles/cmTC_9ccae.dir/']
  ignore line: [ as -v --64 -o CMakeFiles/cmTC_9ccae.dir/CMakeCCompilerABI.c.o /tmp/ccXPcyPA.s]
  ignore line: [GNU assembler version 2.37 (x86_64-unknown-linux-gnu) using BFD version (GNU Binutils) 2.37]
  ignore line: [COMPILER_PATH=/gnu/store/rhwx78cp1s8nbi93b6p5xpdfd7rpq969-gcc-11.2.0/libexec/gcc/x86_64-unknown-linux-gnu/11.2.0/:/gnu/store/rhwx78cp1s8nbi93b6p5xpdfd7rpq969-gcc-11.2.0/libexec/gcc/x86_64-unknown-linux-gnu/11.2.0/:/gnu/store/rhwx78cp1s8nbi93b6p5xpdfd7rpq969-gcc-11.2.0/libexec/gcc/x86_64-unknown-linux-gnu/:/gnu/store/sz3yhray6kzgp7d0k4pvxmpnzdpd69rk-gcc-11.2.0-lib/lib/gcc/x86_64-unknown-linux-gnu/11.2.0/:/gnu/store/sz3yhray6kzgp7d0k4pvxmpnzdpd69rk-gcc-11.2.0-lib/lib/gcc/x86_64-unknown-linux-gnu/]
  ignore line: [LIBRARY_PATH=/home/malcolm/.guix-profile/lib/:/home/malcolm/.guix-profile/lib/:/home/malcolm/.guix-profile/lib/:/home/malcolm/.guix-profile/lib/:/home/malcolm/.guix-profile/lib/:/home/malcolm/.guix-profile/lib/:/gnu/store/sz3yhray6kzgp7d0k4pvxmpnzdpd69rk-gcc-11.2.0-lib/lib/gcc/x86_64-unknown-linux-gnu/11.2.0/:/gnu/store/sz3yhray6kzgp7d0k4pvxmpnzdpd69rk-gcc-11.2.0-lib/lib/gcc/x86_64-unknown-linux-gnu/11.2.0/../../../:/gnu/store/5h2w4qi9hk1qzzgi1w83220ydslinr4s-glibc-2.33/lib]
  ignore line: [COLLECT_GCC_OPTIONS='-v' '-o' 'CMakeFiles/cmTC_9ccae.dir/CMakeCCompilerABI.c.o' '-c' '-mtune=generic' '-march=x86-64' '-dumpdir' 'CMakeFiles/cmTC_9ccae.dir/CMakeCCompilerABI.c.']
  ignore line: [Linking C executable cmTC_9ccae]
  ignore line: [/gnu/store/4axd987cf0bpkshybl1w7g5hp9yqm660-cmake-3.19.2/bin/cmake -E cmake_link_script CMakeFiles/cmTC_9ccae.dir/link.txt --verbose=1]
  ignore line: [/home/malcolm/.guix-profile/bin/gcc  -v CMakeFiles/cmTC_9ccae.dir/CMakeCCompilerABI.c.o -o cmTC_9ccae ]
  ignore line: [Using built-in specs.]
  ignore line: [COLLECT_GCC=/home/malcolm/.guix-profile/bin/gcc]
  ignore line: [COLLECT_LTO_WRAPPER=/gnu/store/rhwx78cp1s8nbi93b6p5xpdfd7rpq969-gcc-11.2.0/libexec/gcc/x86_64-unknown-linux-gnu/11.2.0/lto-wrapper]
  ignore line: [Target: x86_64-unknown-linux-gnu]
  ignore line: [Configured with: ]
  ignore line: [Thread model: posix]
  ignore line: [Supported LTO compression algorithms: zlib]
  ignore line: [gcc version 11.2.0 (GCC) ]
  ignore line: [COMPILER_PATH=/gnu/store/rhwx78cp1s8nbi93b6p5xpdfd7rpq969-gcc-11.2.0/libexec/gcc/x86_64-unknown-linux-gnu/11.2.0/:/gnu/store/rhwx78cp1s8nbi93b6p5xpdfd7rpq969-gcc-11.2.0/libexec/gcc/x86_64-unknown-linux-gnu/11.2.0/:/gnu/store/rhwx78cp1s8nbi93b6p5xpdfd7rpq969-gcc-11.2.0/libexec/gcc/x86_64-unknown-linux-gnu/:/gnu/store/sz3yhray6kzgp7d0k4pvxmpnzdpd69rk-gcc-11.2.0-lib/lib/gcc/x86_64-unknown-linux-gnu/11.2.0/:/gnu/store/sz3yhray6kzgp7d0k4pvxmpnzdpd69rk-gcc-11.2.0-lib/lib/gcc/x86_64-unknown-linux-gnu/]
  ignore line: [LIBRARY_PATH=/home/malcolm/.guix-profile/lib/:/home/malcolm/.guix-profile/lib/:/home/malcolm/.guix-profile/lib/:/home/malcolm/.guix-profile/lib/:/home/malcolm/.guix-profile/lib/:/home/malcolm/.guix-profile/lib/:/gnu/store/sz3yhray6kzgp7d0k4pvxmpnzdpd69rk-gcc-11.2.0-lib/lib/gcc/x86_64-unknown-linux-gnu/11.2.0/:/gnu/store/sz3yhray6kzgp7d0k4pvxmpnzdpd69rk-gcc-11.2.0-lib/lib/gcc/x86_64-unknown-linux-gnu/11.2.0/../../../:/gnu/store/5h2w4qi9hk1qzzgi1w83220ydslinr4s-glibc-2.33/lib]
  ignore line: [COLLECT_GCC_OPTIONS='-v' '-o' 'cmTC_9ccae' '-mtune=generic' '-march=x86-64' '-dumpdir' 'cmTC_9ccae.']
  link line: [ /gnu/store/rhwx78cp1s8nbi93b6p5xpdfd7rpq969-gcc-11.2.0/libexec/gcc/x86_64-unknown-linux-gnu/11.2.0/collect2 -plugin /gnu/store/rhwx78cp1s8nbi93b6p5xpdfd7rpq969-gcc-11.2.0/libexec/gcc/x86_64-unknown-linux-gnu/11.2.0/liblto_plugin.so -plugin-opt=/gnu/store/rhwx78cp1s8nbi93b6p5xpdfd7rpq969-gcc-11.2.0/libexec/gcc/x86_64-unknown-linux-gnu/11.2.0/lto-wrapper -plugin-opt=-fresolution=/tmp/ccYVZPyd.res -plugin-opt=-pass-through=-lgcc -plugin-opt=-pass-through=-lgcc_s -plugin-opt=-pass-through=-lgcc_s -plugin-opt=-pass-through=-lc -plugin-opt=-pass-through=-lgcc -plugin-opt=-pass-through=-lgcc_s --eh-frame-hdr -m elf_x86_64 -dynamic-linker /gnu/store/5h2w4qi9hk1qzzgi1w83220ydslinr4s-glibc-2.33/lib/ld-linux-x86-64.so.2 -o cmTC_9ccae /home/malcolm/.guix-profile/lib/crt1.o /home/malcolm/.guix-profile/lib/crti.o /gnu/store/sz3yhray6kzgp7d0k4pvxmpnzdpd69rk-gcc-11.2.0-lib/lib/gcc/x86_64-unknown-linux-gnu/11.2.0/crtbegin.o -L/home/malcolm/.guix-profile/lib -L/home/malcolm/.guix-profile/lib -L/home/malcolm/.guix-profile/lib -L/home/malcolm/.guix-profile/lib -L/home/malcolm/.guix-profile/lib -L/home/malcolm/.guix-profile/lib -L/gnu/store/sz3yhray6kzgp7d0k4pvxmpnzdpd69rk-gcc-11.2.0-lib/lib/gcc/x86_64-unknown-linux-gnu/11.2.0 -L/gnu/store/sz3yhray6kzgp7d0k4pvxmpnzdpd69rk-gcc-11.2.0-lib/lib/gcc/x86_64-unknown-linux-gnu/11.2.0/../../.. -L/gnu/store/5h2w4qi9hk1qzzgi1w83220ydslinr4s-glibc-2.33/lib CMakeFiles/cmTC_9ccae.dir/CMakeCCompilerABI.c.o -lgcc --push-state --as-needed -lgcc_s --pop-state -L/gnu/store/5h2w4qi9hk1qzzgi1w83220ydslinr4s-glibc-2.33/lib -rpath=/gnu/store/5h2w4qi9hk1qzzgi1w83220ydslinr4s-glibc-2.33/lib -rpath=/gnu/store/sz3yhray6kzgp7d0k4pvxmpnzdpd69rk-gcc-11.2.0-lib/lib -lgcc_s -lc -lgcc --push-state --as-needed -lgcc_s --pop-state /gnu/store/sz3yhray6kzgp7d0k4pvxmpnzdpd69rk-gcc-11.2.0-lib/lib/gcc/x86_64-unknown-linux-gnu/11.2.0/crtend.o /home/malcolm/.guix-profile/lib/crtn.o]
    arg [/gnu/store/rhwx78cp1s8nbi93b6p5xpdfd7rpq969-gcc-11.2.0/libexec/gcc/x86_64-unknown-linux-gnu/11.2.0/collect2] ==> ignore
    arg [-plugin] ==> ignore
    arg [/gnu/store/rhwx78cp1s8nbi93b6p5xpdfd7rpq969-gcc-11.2.0/libexec/gcc/x86_64-unknown-linux-gnu/11.2.0/liblto_plugin.so] ==> ignore
    arg [-plugin-opt=/gnu/store/rhwx78cp1s8nbi93b6p5xpdfd7rpq969-gcc-11.2.0/libexec/gcc/x86_64-unknown-linux-gnu/11.2.0/lto-wrapper] ==> ignore
    arg [-plugin-opt=-fresolution=/tmp/ccYVZPyd.res] ==> ignore
    arg [-plugin-opt=-pass-through=-lgcc] ==> ignore
    arg [-plugin-opt=-pass-through=-lgcc_s] ==> ignore
    arg [-plugin-opt=-pass-through=-lgcc_s] ==> ignore
    arg [-plugin-opt=-pass-through=-lc] ==> ignore
    arg [-plugin-opt=-pass-through=-lgcc] ==> ignore
    arg [-plugin-opt=-pass-through=-lgcc_s] ==> ignore
    arg [--eh-frame-hdr] ==> ignore
    arg [-m] ==> ignore
    arg [elf_x86_64] ==> ignore
    arg [-dynamic-linker] ==> ignore
    arg [/gnu/store/5h2w4qi9hk1qzzgi1w83220ydslinr4s-glibc-2.33/lib/ld-linux-x86-64.so.2] ==> ignore
    arg [-o] ==> ignore
    arg [cmTC_9ccae] ==> ignore
    arg [/home/malcolm/.guix-profile/lib/crt1.o] ==> ignore
    arg [/home/malcolm/.guix-profile/lib/crti.o] ==> ignore
    arg [/gnu/store/sz3yhray6kzgp7d0k4pvxmpnzdpd69rk-gcc-11.2.0-lib/lib/gcc/x86_64-unknown-linux-gnu/11.2.0/crtbegin.o] ==> ignore
    arg [-L/home/malcolm/.guix-profile/lib] ==> dir [/home/malcolm/.guix-profile/lib]
    arg [-L/home/malcolm/.guix-profile/lib] ==> dir [/home/malcolm/.guix-profile/lib]
    arg [-L/home/malcolm/.guix-profile/lib] ==> dir [/home/malcolm/.guix-profile/lib]
    arg [-L/home/malcolm/.guix-profile/lib] ==> dir [/home/malcolm/.guix-profile/lib]
    arg [-L/home/malcolm/.guix-profile/lib] ==> dir [/home/malcolm/.guix-profile/lib]
    arg [-L/home/malcolm/.guix-profile/lib] ==> dir [/home/malcolm/.guix-profile/lib]
    arg [-L/gnu/store/sz3yhray6kzgp7d0k4pvxmpnzdpd69rk-gcc-11.2.0-lib/lib/gcc/x86_64-unknown-linux-gnu/11.2.0] ==> dir [/gnu/store/sz3yhray6kzgp7d0k4pvxmpnzdpd69rk-gcc-11.2.0-lib/lib/gcc/x86_64-unknown-linux-gnu/11.2.0]
    arg [-L/gnu/store/sz3yhray6kzgp7d0k4pvxmpnzdpd69rk-gcc-11.2.0-lib/lib/gcc/x86_64-unknown-linux-gnu/11.2.0/../../..] ==> dir [/gnu/store/sz3yhray6kzgp7d0k4pvxmpnzdpd69rk-gcc-11.2.0-lib/lib/gcc/x86_64-unknown-linux-gnu/11.2.0/../../..]
    arg [-L/gnu/store/5h2w4qi9hk1qzzgi1w83220ydslinr4s-glibc-2.33/lib] ==> dir [/gnu/store/5h2w4qi9hk1qzzgi1w83220ydslinr4s-glibc-2.33/lib]
    arg [CMakeFiles/cmTC_9ccae.dir/CMakeCCompilerABI.c.o] ==> ignore
    arg [-lgcc] ==> lib [gcc]
    arg [--push-state] ==> ignore
    arg [--as-needed] ==> ignore
    arg [-lgcc_s] ==> lib [gcc_s]
    arg [--pop-state] ==> ignore
    arg [-L/gnu/store/5h2w4qi9hk1qzzgi1w83220ydslinr4s-glibc-2.33/lib] ==> dir [/gnu/store/5h2w4qi9hk1qzzgi1w83220ydslinr4s-glibc-2.33/lib]
    arg [-rpath=/gnu/store/5h2w4qi9hk1qzzgi1w83220ydslinr4s-glibc-2.33/lib] ==> ignore
    arg [-rpath=/gnu/store/sz3yhray6kzgp7d0k4pvxmpnzdpd69rk-gcc-11.2.0-lib/lib] ==> ignore
    arg [-lgcc_s] ==> lib [gcc_s]
    arg [-lc] ==> lib [c]
    arg [-lgcc] ==> lib [gcc]
    arg [--push-state] ==> ignore
    arg [--as-needed] ==> ignore
    arg [-lgcc_s] ==> lib [gcc_s]
    arg [--pop-state] ==> ignore
    arg [/gnu/store/sz3yhray6kzgp7d0k4pvxmpnzdpd69rk-gcc-11.2.0-lib/lib/gcc/x86_64-unknown-linux-gnu/11.2.0/crtend.o] ==> ignore
    arg [/home/malcolm/.guix-profile/lib/crtn.o] ==> ignore
  collapse library dir [/home/malcolm/.guix-profile/lib] ==> [/home/malcolm/.guix-profile/lib]
  collapse library dir [/home/malcolm/.guix-profile/lib] ==> [/home/malcolm/.guix-profile/lib]
  collapse library dir [/home/malcolm/.guix-profile/lib] ==> [/home/malcolm/.guix-profile/lib]
  collapse library dir [/home/malcolm/.guix-profile/lib] ==> [/home/malcolm/.guix-profile/lib]
  collapse library dir [/home/malcolm/.guix-profile/lib] ==> [/home/malcolm/.guix-profile/lib]
  collapse library dir [/home/malcolm/.guix-profile/lib] ==> [/home/malcolm/.guix-profile/lib]
  collapse library dir [/gnu/store/sz3yhray6kzgp7d0k4pvxmpnzdpd69rk-gcc-11.2.0-lib/lib/gcc/x86_64-unknown-linux-gnu/11.2.0] ==> [/gnu/store/sz3yhray6kzgp7d0k4pvxmpnzdpd69rk-gcc-11.2.0-lib/lib/gcc/x86_64-unknown-linux-gnu/11.2.0]
  collapse library dir [/gnu/store/sz3yhray6kzgp7d0k4pvxmpnzdpd69rk-gcc-11.2.0-lib/lib/gcc/x86_64-unknown-linux-gnu/11.2.0/../../..] ==> [/gnu/store/sz3yhray6kzgp7d0k4pvxmpnzdpd69rk-gcc-11.2.0-lib/lib]
  collapse library dir [/gnu/store/5h2w4qi9hk1qzzgi1w83220ydslinr4s-glibc-2.33/lib] ==> [/gnu/store/5h2w4qi9hk1qzzgi1w83220ydslinr4s-glibc-2.33/lib]
  collapse library dir [/gnu/store/5h2w4qi9hk1qzzgi1w83220ydslinr4s-glibc-2.33/lib] ==> [/gnu/store/5h2w4qi9hk1qzzgi1w83220ydslinr4s-glibc-2.33/lib]
  implicit libs: [gcc;gcc_s;gcc_s;c;gcc;gcc_s]
  implicit dirs: [/home/malcolm/.guix-profile/lib;/gnu/store/sz3yhray6kzgp7d0k4pvxmpnzdpd69rk-gcc-11.2.0-lib/lib/gcc/x86_64-unknown-linux-gnu/11.2.0;/gnu/store/sz3yhray6kzgp7d0k4pvxmpnzdpd69rk-gcc-11.2.0-lib/lib;/gnu/store/5h2w4qi9hk1qzzgi1w83220ydslinr4s-glibc-2.33/lib]
  implicit fwks: []


